{"/home/ninda/Desktop/Hacktiv8/P2/IP/IP-HCK75/server/app.js": {"path":"/home/ninda/Desktop/Hacktiv8/P2/IP/IP-HCK75/server/app.js","statementMap":{"0":{"start":{"line":1,"column":16},"end":{"line":1,"column":34}},"1":{"start":{"line":2,"column":12},"end":{"line":2,"column":21}},"2":{"start":{"line":3,"column":13},"end":{"line":3,"column":17}},"3":{"start":{"line":5,"column":13},"end":{"line":5,"column":28}},"4":{"start":{"line":6,"column":0},"end":{"line":6,"column":15}},"5":{"start":{"line":8,"column":0},"end":{"line":8,"column":23}},"6":{"start":{"line":9,"column":0},"end":{"line":9,"column":47}},"7":{"start":{"line":12,"column":0},"end":{"line":12,"column":34}},"8":{"start":{"line":15,"column":0},"end":{"line":17,"column":2}},"9":{"start":{"line":16,"column":4},"end":{"line":16,"column":38}},"10":{"start":{"line":19,"column":0},"end":{"line":19,"column":21}}},"fnMap":{"0":{"name":"(anonymous_0)","decl":{"start":{"line":15,"column":17},"end":{"line":15,"column":18}},"loc":{"start":{"line":15,"column":23},"end":{"line":17,"column":1}},"line":15}},"branchMap":{},"s":{"0":1,"1":1,"2":1,"3":1,"4":1,"5":1,"6":1,"7":1,"8":1,"9":0,"10":1},"f":{"0":0},"b":{},"_coverageSchema":"1a1c01bbd47fc00a2c39e90264f33305004495a9","hash":"b590724b8b18da9af70501c4f03342e0ae1b72f1"}
,"/home/ninda/Desktop/Hacktiv8/P2/IP/IP-HCK75/server/controllers/claimController.js": {"path":"/home/ninda/Desktop/Hacktiv8/P2/IP/IP-HCK75/server/controllers/claimController.js","statementMap":{"0":{"start":{"line":1,"column":32},"end":{"line":1,"column":52}},"1":{"start":{"line":5,"column":8},"end":{"line":13,"column":9}},"2":{"start":{"line":7,"column":23},"end":{"line":7,"column":64}},"3":{"start":{"line":9,"column":12},"end":{"line":9,"column":28}},"4":{"start":{"line":10,"column":12},"end":{"line":10,"column":29}},"5":{"start":{"line":12,"column":12},"end":{"line":12,"column":23}},"6":{"start":{"line":17,"column":8},"end":{"line":28,"column":9}},"7":{"start":{"line":18,"column":25},"end":{"line":18,"column":35}},"8":{"start":{"line":19,"column":12},"end":{"line":22,"column":14}},"9":{"start":{"line":24,"column":12},"end":{"line":24,"column":28}},"10":{"start":{"line":25,"column":12},"end":{"line":25,"column":38}},"11":{"start":{"line":27,"column":12},"end":{"line":27,"column":23}},"12":{"start":{"line":32,"column":0},"end":{"line":32,"column":33}}},"fnMap":{"0":{"name":"(anonymous_0)","decl":{"start":{"line":4,"column":4},"end":{"line":4,"column":5}},"loc":{"start":{"line":4,"column":50},"end":{"line":14,"column":5}},"line":4},"1":{"name":"(anonymous_1)","decl":{"start":{"line":16,"column":4},"end":{"line":16,"column":5}},"loc":{"start":{"line":16,"column":45},"end":{"line":29,"column":5}},"line":16}},"branchMap":{},"s":{"0":1,"1":0,"2":0,"3":0,"4":0,"5":0,"6":0,"7":0,"8":0,"9":0,"10":0,"11":0,"12":1},"f":{"0":0,"1":0},"b":{},"_coverageSchema":"1a1c01bbd47fc00a2c39e90264f33305004495a9","hash":"1201b7cdea65e509fce79ad7c3878d626288ed90"}
,"/home/ninda/Desktop/Hacktiv8/P2/IP/IP-HCK75/server/controllers/productController.js": {"path":"/home/ninda/Desktop/Hacktiv8/P2/IP/IP-HCK75/server/controllers/productController.js","statementMap":{"0":{"start":{"line":1,"column":15},"end":{"line":1,"column":43}},"1":{"start":{"line":2,"column":26},"end":{"line":2,"column":46}},"2":{"start":{"line":3,"column":16},"end":{"line":3,"column":34}},"3":{"start":{"line":61,"column":8},"end":{"line":70,"column":9}},"4":{"start":{"line":63,"column":23},"end":{"line":63,"column":46}},"5":{"start":{"line":65,"column":12},"end":{"line":65,"column":28}},"6":{"start":{"line":66,"column":12},"end":{"line":66,"column":28}},"7":{"start":{"line":69,"column":12},"end":{"line":69,"column":23}},"8":{"start":{"line":74,"column":8},"end":{"line":88,"column":9}},"9":{"start":{"line":75,"column":23},"end":{"line":75,"column":33}},"10":{"start":{"line":77,"column":23},"end":{"line":81,"column":14}},"11":{"start":{"line":83,"column":12},"end":{"line":83,"column":28}},"12":{"start":{"line":84,"column":12},"end":{"line":84,"column":28}},"13":{"start":{"line":87,"column":12},"end":{"line":87,"column":23}},"14":{"start":{"line":92,"column":8},"end":{"line":102,"column":9}},"15":{"start":{"line":94,"column":54},"end":{"line":94,"column":62}},"16":{"start":{"line":96,"column":23},"end":{"line":96,"column":80}},"17":{"start":{"line":98,"column":12},"end":{"line":98,"column":28}},"18":{"start":{"line":99,"column":12},"end":{"line":99,"column":50}},"19":{"start":{"line":101,"column":12},"end":{"line":101,"column":23}},"20":{"start":{"line":106,"column":8},"end":{"line":120,"column":9}},"21":{"start":{"line":108,"column":27},"end":{"line":108,"column":37}},"22":{"start":{"line":109,"column":56},"end":{"line":109,"column":64}},"23":{"start":{"line":111,"column":12},"end":{"line":116,"column":18}},"24":{"start":{"line":117,"column":12},"end":{"line":117,"column":75}},"25":{"start":{"line":119,"column":12},"end":{"line":119,"column":23}},"26":{"start":{"line":124,"column":8},"end":{"line":138,"column":9}},"27":{"start":{"line":126,"column":25},"end":{"line":126,"column":35}},"28":{"start":{"line":127,"column":23},"end":{"line":127,"column":49}},"29":{"start":{"line":128,"column":23},"end":{"line":128,"column":32}},"30":{"start":{"line":130,"column":12},"end":{"line":134,"column":14}},"31":{"start":{"line":135,"column":12},"end":{"line":135,"column":75}},"32":{"start":{"line":137,"column":12},"end":{"line":137,"column":23}},"33":{"start":{"line":142,"column":8},"end":{"line":151,"column":9}},"34":{"start":{"line":143,"column":31},"end":{"line":143,"column":39}},"35":{"start":{"line":145,"column":23},"end":{"line":145,"column":43}},"36":{"start":{"line":146,"column":12},"end":{"line":146,"column":78}},"37":{"start":{"line":148,"column":12},"end":{"line":148,"column":38}},"38":{"start":{"line":150,"column":12},"end":{"line":150,"column":23}},"39":{"start":{"line":155,"column":0},"end":{"line":155,"column":34}}},"fnMap":{"0":{"name":"(anonymous_0)","decl":{"start":{"line":60,"column":4},"end":{"line":60,"column":5}},"loc":{"start":{"line":60,"column":47},"end":{"line":71,"column":5}},"line":60},"1":{"name":"(anonymous_1)","decl":{"start":{"line":73,"column":4},"end":{"line":73,"column":5}},"loc":{"start":{"line":73,"column":48},"end":{"line":89,"column":5}},"line":73},"2":{"name":"(anonymous_2)","decl":{"start":{"line":91,"column":4},"end":{"line":91,"column":5}},"loc":{"start":{"line":91,"column":47},"end":{"line":103,"column":5}},"line":91},"3":{"name":"(anonymous_3)","decl":{"start":{"line":105,"column":4},"end":{"line":105,"column":5}},"loc":{"start":{"line":105,"column":47},"end":{"line":121,"column":5}},"line":105},"4":{"name":"(anonymous_4)","decl":{"start":{"line":123,"column":4},"end":{"line":123,"column":5}},"loc":{"start":{"line":123,"column":46},"end":{"line":139,"column":5}},"line":123},"5":{"name":"(anonymous_5)","decl":{"start":{"line":141,"column":4},"end":{"line":141,"column":5}},"loc":{"start":{"line":141,"column":42},"end":{"line":152,"column":5}},"line":141}},"branchMap":{},"s":{"0":1,"1":1,"2":1,"3":0,"4":0,"5":0,"6":0,"7":0,"8":0,"9":0,"10":0,"11":0,"12":0,"13":0,"14":0,"15":0,"16":0,"17":0,"18":0,"19":0,"20":0,"21":0,"22":0,"23":0,"24":0,"25":0,"26":0,"27":0,"28":0,"29":0,"30":0,"31":0,"32":0,"33":0,"34":0,"35":0,"36":0,"37":0,"38":0,"39":1},"f":{"0":0,"1":0,"2":0,"3":0,"4":0,"5":0},"b":{},"_coverageSchema":"1a1c01bbd47fc00a2c39e90264f33305004495a9","hash":"3d2bbbfad9dcb45bc369e210dbc549018878d2e5"}
,"/home/ninda/Desktop/Hacktiv8/P2/IP/IP-HCK75/server/controllers/userController.js": {"path":"/home/ninda/Desktop/Hacktiv8/P2/IP/IP-HCK75/server/controllers/userController.js","statementMap":{"0":{"start":{"line":1,"column":17},"end":{"line":1,"column":37}},"1":{"start":{"line":2,"column":24},"end":{"line":2,"column":50}},"2":{"start":{"line":3,"column":22},"end":{"line":3,"column":47}},"3":{"start":{"line":5,"column":25},"end":{"line":5,"column":55}},"4":{"start":{"line":6,"column":15},"end":{"line":6,"column":33}},"5":{"start":{"line":11,"column":8},"end":{"line":21,"column":9}},"6":{"start":{"line":12,"column":38},"end":{"line":12,"column":46}},"7":{"start":{"line":14,"column":12},"end":{"line":14,"column":51}},"8":{"start":{"line":16,"column":12},"end":{"line":16,"column":28}},"9":{"start":{"line":17,"column":12},"end":{"line":17,"column":47}},"10":{"start":{"line":20,"column":12},"end":{"line":20,"column":23}},"11":{"start":{"line":25,"column":8},"end":{"line":54,"column":9}},"12":{"start":{"line":26,"column":38},"end":{"line":26,"column":46}},"13":{"start":{"line":28,"column":12},"end":{"line":30,"column":13}},"14":{"start":{"line":29,"column":16},"end":{"line":29,"column":58}},"15":{"start":{"line":32,"column":29},"end":{"line":32,"column":69}},"16":{"start":{"line":34,"column":12},"end":{"line":36,"column":13}},"17":{"start":{"line":35,"column":16},"end":{"line":35,"column":56}},"18":{"start":{"line":38,"column":28},"end":{"line":38,"column":68}},"19":{"start":{"line":40,"column":12},"end":{"line":42,"column":13}},"20":{"start":{"line":41,"column":16},"end":{"line":41,"column":56}},"21":{"start":{"line":44,"column":28},"end":{"line":46,"column":13}},"22":{"start":{"line":48,"column":33},"end":{"line":48,"column":51}},"23":{"start":{"line":50,"column":12},"end":{"line":50,"column":51}},"24":{"start":{"line":53,"column":12},"end":{"line":53,"column":23}},"25":{"start":{"line":58,"column":32},"end":{"line":58,"column":40}},"26":{"start":{"line":59,"column":8},"end":{"line":59,"column":33}},"27":{"start":{"line":61,"column":8},"end":{"line":85,"column":9}},"28":{"start":{"line":62,"column":27},"end":{"line":66,"column":14}},"29":{"start":{"line":67,"column":28},"end":{"line":67,"column":47}},"30":{"start":{"line":68,"column":36},"end":{"line":78,"column":14}},"31":{"start":{"line":80,"column":26},"end":{"line":80,"column":76}},"32":{"start":{"line":81,"column":12},"end":{"line":81,"column":74}},"33":{"start":{"line":83,"column":12},"end":{"line":83,"column":55}},"34":{"start":{"line":84,"column":12},"end":{"line":84,"column":23}},"35":{"start":{"line":90,"column":0},"end":{"line":90,"column":31}}},"fnMap":{"0":{"name":"(anonymous_0)","decl":{"start":{"line":10,"column":4},"end":{"line":10,"column":5}},"loc":{"start":{"line":10,"column":42},"end":{"line":22,"column":5}},"line":10},"1":{"name":"(anonymous_1)","decl":{"start":{"line":24,"column":4},"end":{"line":24,"column":5}},"loc":{"start":{"line":24,"column":39},"end":{"line":55,"column":5}},"line":24},"2":{"name":"(anonymous_2)","decl":{"start":{"line":57,"column":4},"end":{"line":57,"column":5}},"loc":{"start":{"line":57,"column":45},"end":{"line":86,"column":5}},"line":57}},"branchMap":{"0":{"loc":{"start":{"line":28,"column":12},"end":{"line":30,"column":13}},"type":"if","locations":[{"start":{"line":28,"column":12},"end":{"line":30,"column":13}},{"start":{},"end":{}}],"line":28},"1":{"loc":{"start":{"line":28,"column":16},"end":{"line":28,"column":35}},"type":"binary-expr","locations":[{"start":{"line":28,"column":16},"end":{"line":28,"column":22}},{"start":{"line":28,"column":26},"end":{"line":28,"column":35}}],"line":28},"2":{"loc":{"start":{"line":34,"column":12},"end":{"line":36,"column":13}},"type":"if","locations":[{"start":{"line":34,"column":12},"end":{"line":36,"column":13}},{"start":{},"end":{}}],"line":34},"3":{"loc":{"start":{"line":40,"column":12},"end":{"line":42,"column":13}},"type":"if","locations":[{"start":{"line":40,"column":12},"end":{"line":42,"column":13}},{"start":{},"end":{}}],"line":40},"4":{"loc":{"start":{"line":81,"column":23},"end":{"line":81,"column":42}},"type":"cond-expr","locations":[{"start":{"line":81,"column":33},"end":{"line":81,"column":36}},{"start":{"line":81,"column":39},"end":{"line":81,"column":42}}],"line":81}},"s":{"0":1,"1":1,"2":1,"3":1,"4":1,"5":3,"6":3,"7":3,"8":1,"9":1,"10":2,"11":4,"12":4,"13":4,"14":2,"15":2,"16":2,"17":1,"18":1,"19":1,"20":0,"21":1,"22":1,"23":1,"24":3,"25":0,"26":0,"27":0,"28":0,"29":0,"30":0,"31":0,"32":0,"33":0,"34":0,"35":1},"f":{"0":3,"1":4,"2":0},"b":{"0":[2,2],"1":[4,3],"2":[1,1],"3":[0,1],"4":[0,0]},"_coverageSchema":"1a1c01bbd47fc00a2c39e90264f33305004495a9","hash":"e3ec6823f9b4f88ead5774ecfb2da7a5eaca70b3"}
,"/home/ninda/Desktop/Hacktiv8/P2/IP/IP-HCK75/server/helpers/gemini.js": {"path":"/home/ninda/Desktop/Hacktiv8/P2/IP/IP-HCK75/server/helpers/gemini.js","statementMap":{"0":{"start":{"line":2,"column":31},"end":{"line":2,"column":63}},"1":{"start":{"line":3,"column":17},"end":{"line":3,"column":35}},"2":{"start":{"line":4,"column":0},"end":{"line":4,"column":26}},"3":{"start":{"line":6,"column":15},"end":{"line":18,"column":1}},"4":{"start":{"line":9,"column":18},"end":{"line":9,"column":68}},"5":{"start":{"line":10,"column":18},"end":{"line":10,"column":73}},"6":{"start":{"line":12,"column":19},"end":{"line":12,"column":28}},"7":{"start":{"line":14,"column":19},"end":{"line":14,"column":54}},"8":{"start":{"line":15,"column":4},"end":{"line":15,"column":46}},"9":{"start":{"line":17,"column":4},"end":{"line":17,"column":33}},"10":{"start":{"line":20,"column":0},"end":{"line":20,"column":23}}},"fnMap":{"0":{"name":"(anonymous_0)","decl":{"start":{"line":6,"column":15},"end":{"line":6,"column":16}},"loc":{"start":{"line":6,"column":36},"end":{"line":18,"column":1}},"line":6}},"branchMap":{},"s":{"0":1,"1":1,"2":1,"3":1,"4":0,"5":0,"6":0,"7":0,"8":0,"9":0,"10":1},"f":{"0":0},"b":{},"_coverageSchema":"1a1c01bbd47fc00a2c39e90264f33305004495a9","hash":"6c73f6d27a2ffbfae71e567c7fd9a8430da73c11"}
,"/home/ninda/Desktop/Hacktiv8/P2/IP/IP-HCK75/server/helpers/hash.js": {"path":"/home/ninda/Desktop/Hacktiv8/P2/IP/IP-HCK75/server/helpers/hash.js","statementMap":{"0":{"start":{"line":1,"column":15},"end":{"line":1,"column":34}},"1":{"start":{"line":3,"column":17},"end":{"line":7,"column":1}},"2":{"start":{"line":4,"column":17},"end":{"line":4,"column":39}},"3":{"start":{"line":5,"column":17},"end":{"line":5,"column":44}},"4":{"start":{"line":6,"column":4},"end":{"line":6,"column":18}},"5":{"start":{"line":9,"column":20},"end":{"line":12,"column":1}},"6":{"start":{"line":10,"column":17},"end":{"line":10,"column":49}},"7":{"start":{"line":11,"column":4},"end":{"line":11,"column":18}},"8":{"start":{"line":14,"column":0},"end":{"line":14,"column":40}}},"fnMap":{"0":{"name":"(anonymous_0)","decl":{"start":{"line":3,"column":17},"end":{"line":3,"column":18}},"loc":{"start":{"line":3,"column":27},"end":{"line":7,"column":1}},"line":3},"1":{"name":"(anonymous_1)","decl":{"start":{"line":9,"column":20},"end":{"line":9,"column":21}},"loc":{"start":{"line":9,"column":38},"end":{"line":12,"column":1}},"line":9}},"branchMap":{},"s":{"0":1,"1":1,"2":6,"3":6,"4":6,"5":1,"6":1,"7":1,"8":1},"f":{"0":6,"1":1},"b":{},"_coverageSchema":"1a1c01bbd47fc00a2c39e90264f33305004495a9","hash":"c49356d9bdf30f9cebf9a87cd243e50a8691aa69"}
,"/home/ninda/Desktop/Hacktiv8/P2/IP/IP-HCK75/server/helpers/jwt.js": {"path":"/home/ninda/Desktop/Hacktiv8/P2/IP/IP-HCK75/server/helpers/jwt.js","statementMap":{"0":{"start":{"line":1,"column":12},"end":{"line":1,"column":35}},"1":{"start":{"line":2,"column":0},"end":{"line":2,"column":26}},"2":{"start":{"line":4,"column":19},"end":{"line":4,"column":41}},"3":{"start":{"line":6,"column":18},"end":{"line":10,"column":1}},"4":{"start":{"line":7,"column":4},"end":{"line":7,"column":28}},"5":{"start":{"line":8,"column":4},"end":{"line":8,"column":38}},"6":{"start":{"line":12,"column":20},"end":{"line":14,"column":1}},"7":{"start":{"line":13,"column":4},"end":{"line":13,"column":41}},"8":{"start":{"line":16,"column":0},"end":{"line":16,"column":43}}},"fnMap":{"0":{"name":"(anonymous_0)","decl":{"start":{"line":6,"column":18},"end":{"line":6,"column":19}},"loc":{"start":{"line":6,"column":28},"end":{"line":10,"column":1}},"line":6},"1":{"name":"(anonymous_1)","decl":{"start":{"line":12,"column":20},"end":{"line":12,"column":21}},"loc":{"start":{"line":12,"column":31},"end":{"line":14,"column":1}},"line":12}},"branchMap":{},"s":{"0":1,"1":1,"2":1,"3":1,"4":1,"5":1,"6":1,"7":0,"8":1},"f":{"0":1,"1":0},"b":{},"_coverageSchema":"1a1c01bbd47fc00a2c39e90264f33305004495a9","hash":"9c1ac6ba1c6eb7afbbd97d37289a1fbefecaed68"}
,"/home/ninda/Desktop/Hacktiv8/P2/IP/IP-HCK75/server/middleware/authentication.js": {"path":"/home/ninda/Desktop/Hacktiv8/P2/IP/IP-HCK75/server/middleware/authentication.js","statementMap":{"0":{"start":{"line":1,"column":24},"end":{"line":1,"column":49}},"1":{"start":{"line":2,"column":17},"end":{"line":2,"column":37}},"2":{"start":{"line":5,"column":4},"end":{"line":34,"column":5}},"3":{"start":{"line":6,"column":28},"end":{"line":6,"column":53}},"4":{"start":{"line":7,"column":8},"end":{"line":9,"column":9}},"5":{"start":{"line":8,"column":12},"end":{"line":8,"column":42}},"6":{"start":{"line":11,"column":32},"end":{"line":11,"column":54}},"7":{"start":{"line":13,"column":8},"end":{"line":15,"column":9}},"8":{"start":{"line":14,"column":12},"end":{"line":14,"column":42}},"9":{"start":{"line":17,"column":24},"end":{"line":17,"column":42}},"10":{"start":{"line":19,"column":21},"end":{"line":19,"column":52}},"11":{"start":{"line":21,"column":8},"end":{"line":23,"column":9}},"12":{"start":{"line":22,"column":12},"end":{"line":22,"column":42}},"13":{"start":{"line":25,"column":8},"end":{"line":28,"column":9}},"14":{"start":{"line":30,"column":8},"end":{"line":30,"column":14}},"15":{"start":{"line":33,"column":8},"end":{"line":33,"column":19}},"16":{"start":{"line":37,"column":0},"end":{"line":37,"column":32}}},"fnMap":{"0":{"name":"authentication","decl":{"start":{"line":4,"column":15},"end":{"line":4,"column":29}},"loc":{"start":{"line":4,"column":46},"end":{"line":35,"column":1}},"line":4}},"branchMap":{"0":{"loc":{"start":{"line":7,"column":8},"end":{"line":9,"column":9}},"type":"if","locations":[{"start":{"line":7,"column":8},"end":{"line":9,"column":9}},{"start":{},"end":{}}],"line":7},"1":{"loc":{"start":{"line":13,"column":8},"end":{"line":15,"column":9}},"type":"if","locations":[{"start":{"line":13,"column":8},"end":{"line":15,"column":9}},{"start":{},"end":{}}],"line":13},"2":{"loc":{"start":{"line":21,"column":8},"end":{"line":23,"column":9}},"type":"if","locations":[{"start":{"line":21,"column":8},"end":{"line":23,"column":9}},{"start":{},"end":{}}],"line":21}},"s":{"0":1,"1":1,"2":0,"3":0,"4":0,"5":0,"6":0,"7":0,"8":0,"9":0,"10":0,"11":0,"12":0,"13":0,"14":0,"15":0,"16":1},"f":{"0":0},"b":{"0":[0,0],"1":[0,0],"2":[0,0]},"_coverageSchema":"1a1c01bbd47fc00a2c39e90264f33305004495a9","hash":"fe1cd50b3dc8507a1d63a59aea799adeb6d4fea4"}
,"/home/ninda/Desktop/Hacktiv8/P2/IP/IP-HCK75/server/middleware/authorization.js": {"path":"/home/ninda/Desktop/Hacktiv8/P2/IP/IP-HCK75/server/middleware/authorization.js","statementMap":{"0":{"start":{"line":4,"column":4},"end":{"line":15,"column":5}},"1":{"start":{"line":5,"column":19},"end":{"line":5,"column":32}},"2":{"start":{"line":7,"column":8},"end":{"line":12,"column":9}},"3":{"start":{"line":8,"column":12},"end":{"line":8,"column":19}},"4":{"start":{"line":11,"column":12},"end":{"line":11,"column":39}},"5":{"start":{"line":14,"column":8},"end":{"line":14,"column":19}},"6":{"start":{"line":18,"column":0},"end":{"line":18,"column":31}}},"fnMap":{"0":{"name":"authorization","decl":{"start":{"line":3,"column":15},"end":{"line":3,"column":28}},"loc":{"start":{"line":3,"column":45},"end":{"line":16,"column":1}},"line":3}},"branchMap":{"0":{"loc":{"start":{"line":7,"column":8},"end":{"line":12,"column":9}},"type":"if","locations":[{"start":{"line":7,"column":8},"end":{"line":12,"column":9}},{"start":{"line":10,"column":13},"end":{"line":12,"column":9}}],"line":7}},"s":{"0":0,"1":0,"2":0,"3":0,"4":0,"5":0,"6":1},"f":{"0":0},"b":{"0":[0,0]},"_coverageSchema":"1a1c01bbd47fc00a2c39e90264f33305004495a9","hash":"8a14ba4febd9477409d9bee623f1d8d2a6d148af"}
,"/home/ninda/Desktop/Hacktiv8/P2/IP/IP-HCK75/server/middleware/error.js": {"path":"/home/ninda/Desktop/Hacktiv8/P2/IP/IP-HCK75/server/middleware/error.js","statementMap":{"0":{"start":{"line":2,"column":4},"end":{"line":2,"column":38}},"1":{"start":{"line":4,"column":17},"end":{"line":4,"column":34}},"2":{"start":{"line":5,"column":18},"end":{"line":5,"column":56}},"3":{"start":{"line":7,"column":4},"end":{"line":29,"column":5}},"4":{"start":{"line":10,"column":12},"end":{"line":10,"column":25}},"5":{"start":{"line":11,"column":12},"end":{"line":11,"column":44}},"6":{"start":{"line":12,"column":12},"end":{"line":12,"column":18}},"7":{"start":{"line":14,"column":12},"end":{"line":14,"column":25}},"8":{"start":{"line":15,"column":12},"end":{"line":15,"column":38}},"9":{"start":{"line":16,"column":12},"end":{"line":16,"column":18}},"10":{"start":{"line":18,"column":12},"end":{"line":18,"column":25}},"11":{"start":{"line":19,"column":12},"end":{"line":19,"column":64}},"12":{"start":{"line":20,"column":12},"end":{"line":20,"column":18}},"13":{"start":{"line":22,"column":12},"end":{"line":22,"column":25}},"14":{"start":{"line":23,"column":12},"end":{"line":23,"column":39}},"15":{"start":{"line":24,"column":12},"end":{"line":24,"column":18}},"16":{"start":{"line":26,"column":12},"end":{"line":26,"column":25}},"17":{"start":{"line":27,"column":12},"end":{"line":27,"column":56}},"18":{"start":{"line":28,"column":12},"end":{"line":28,"column":18}},"19":{"start":{"line":31,"column":4},"end":{"line":31,"column":41}},"20":{"start":{"line":34,"column":0},"end":{"line":34,"column":30}}},"fnMap":{"0":{"name":"errorHandler","decl":{"start":{"line":1,"column":9},"end":{"line":1,"column":21}},"loc":{"start":{"line":1,"column":43},"end":{"line":32,"column":1}},"line":1}},"branchMap":{"0":{"loc":{"start":{"line":4,"column":17},"end":{"line":4,"column":34}},"type":"binary-expr","locations":[{"start":{"line":4,"column":17},"end":{"line":4,"column":27}},{"start":{"line":4,"column":31},"end":{"line":4,"column":34}}],"line":4},"1":{"loc":{"start":{"line":5,"column":18},"end":{"line":5,"column":56}},"type":"binary-expr","locations":[{"start":{"line":5,"column":18},"end":{"line":5,"column":29}},{"start":{"line":5,"column":33},"end":{"line":5,"column":56}}],"line":5},"2":{"loc":{"start":{"line":7,"column":4},"end":{"line":29,"column":5}},"type":"switch","locations":[{"start":{"line":8,"column":8},"end":{"line":8,"column":40}},{"start":{"line":9,"column":8},"end":{"line":12,"column":18}},{"start":{"line":13,"column":8},"end":{"line":16,"column":18}},{"start":{"line":17,"column":8},"end":{"line":20,"column":18}},{"start":{"line":21,"column":8},"end":{"line":24,"column":18}},{"start":{"line":25,"column":8},"end":{"line":28,"column":18}}],"line":7}},"s":{"0":5,"1":5,"2":5,"3":5,"4":4,"5":4,"6":2,"7":0,"8":0,"9":0,"10":1,"11":1,"12":1,"13":0,"14":0,"15":0,"16":0,"17":0,"18":0,"19":3,"20":1},"f":{"0":5},"b":{"0":[5,5],"1":[5,3],"2":[4,4,0,1,0,0]},"_coverageSchema":"1a1c01bbd47fc00a2c39e90264f33305004495a9","hash":"d2efaa9a87d1b71b18d5d49ad6f7ef8cb05b5581"}
,"/home/ninda/Desktop/Hacktiv8/P2/IP/IP-HCK75/server/models/claim.js": {"path":"/home/ninda/Desktop/Hacktiv8/P2/IP/IP-HCK75/server/models/claim.js","statementMap":{"0":{"start":{"line":4,"column":4},"end":{"line":4,"column":24}},"1":{"start":{"line":5,"column":0},"end":{"line":56,"column":2}},"2":{"start":{"line":9,"column":6},"end":{"line":9,"column":35}},"3":{"start":{"line":10,"column":6},"end":{"line":10,"column":38}},"4":{"start":{"line":13,"column":2},"end":{"line":54,"column":5}},"5":{"start":{"line":55,"column":2},"end":{"line":55,"column":15}}},"fnMap":{"0":{"name":"(anonymous_0)","decl":{"start":{"line":5,"column":17},"end":{"line":5,"column":18}},"loc":{"start":{"line":5,"column":43},"end":{"line":56,"column":1}},"line":5},"1":{"name":"(anonymous_1)","decl":{"start":{"line":8,"column":4},"end":{"line":8,"column":5}},"loc":{"start":{"line":8,"column":29},"end":{"line":11,"column":5}},"line":8}},"branchMap":{},"s":{"0":1,"1":1,"2":1,"3":1,"4":1,"5":1},"f":{"0":1,"1":1},"b":{},"_coverageSchema":"1a1c01bbd47fc00a2c39e90264f33305004495a9","hash":"15090f86f9bafc2ad6334f3d18b17b0b713eaa5b"}
,"/home/ninda/Desktop/Hacktiv8/P2/IP/IP-HCK75/server/models/index.js": {"path":"/home/ninda/Desktop/Hacktiv8/P2/IP/IP-HCK75/server/models/index.js","statementMap":{"0":{"start":{"line":3,"column":11},"end":{"line":3,"column":24}},"1":{"start":{"line":4,"column":13},"end":{"line":4,"column":28}},"2":{"start":{"line":5,"column":18},"end":{"line":5,"column":38}},"3":{"start":{"line":6,"column":16},"end":{"line":6,"column":34}},"4":{"start":{"line":7,"column":17},"end":{"line":7,"column":42}},"5":{"start":{"line":8,"column":12},"end":{"line":8,"column":49}},"6":{"start":{"line":9,"column":15},"end":{"line":9,"column":65}},"7":{"start":{"line":10,"column":11},"end":{"line":10,"column":13}},"8":{"start":{"line":13,"column":0},"end":{"line":17,"column":1}},"9":{"start":{"line":14,"column":2},"end":{"line":14,"column":74}},"10":{"start":{"line":16,"column":2},"end":{"line":16,"column":87}},"11":{"start":{"line":19,"column":0},"end":{"line":32,"column":5}},"12":{"start":{"line":22,"column":4},"end":{"line":27,"column":6}},"13":{"start":{"line":30,"column":18},"end":{"line":30,"column":85}},"14":{"start":{"line":31,"column":4},"end":{"line":31,"column":27}},"15":{"start":{"line":34,"column":0},"end":{"line":38,"column":3}},"16":{"start":{"line":35,"column":2},"end":{"line":37,"column":3}},"17":{"start":{"line":36,"column":4},"end":{"line":36,"column":32}},"18":{"start":{"line":40,"column":0},"end":{"line":40,"column":25}},"19":{"start":{"line":41,"column":0},"end":{"line":41,"column":25}},"20":{"start":{"line":43,"column":0},"end":{"line":43,"column":20}}},"fnMap":{"0":{"name":"(anonymous_0)","decl":{"start":{"line":21,"column":10},"end":{"line":21,"column":11}},"loc":{"start":{"line":21,"column":18},"end":{"line":28,"column":3}},"line":21},"1":{"name":"(anonymous_1)","decl":{"start":{"line":29,"column":11},"end":{"line":29,"column":12}},"loc":{"start":{"line":29,"column":19},"end":{"line":32,"column":3}},"line":29},"2":{"name":"(anonymous_2)","decl":{"start":{"line":34,"column":24},"end":{"line":34,"column":25}},"loc":{"start":{"line":34,"column":37},"end":{"line":38,"column":1}},"line":34}},"branchMap":{"0":{"loc":{"start":{"line":8,"column":12},"end":{"line":8,"column":49}},"type":"binary-expr","locations":[{"start":{"line":8,"column":12},"end":{"line":8,"column":32}},{"start":{"line":8,"column":36},"end":{"line":8,"column":49}}],"line":8},"1":{"loc":{"start":{"line":13,"column":0},"end":{"line":17,"column":1}},"type":"if","locations":[{"start":{"line":13,"column":0},"end":{"line":17,"column":1}},{"start":{"line":15,"column":7},"end":{"line":17,"column":1}}],"line":13},"2":{"loc":{"start":{"line":23,"column":6},"end":{"line":26,"column":37}},"type":"binary-expr","locations":[{"start":{"line":23,"column":6},"end":{"line":23,"column":29}},{"start":{"line":24,"column":6},"end":{"line":24,"column":23}},{"start":{"line":25,"column":6},"end":{"line":25,"column":30}},{"start":{"line":26,"column":6},"end":{"line":26,"column":37}}],"line":23},"3":{"loc":{"start":{"line":35,"column":2},"end":{"line":37,"column":3}},"type":"if","locations":[{"start":{"line":35,"column":2},"end":{"line":37,"column":3}},{"start":{},"end":{}}],"line":35}},"s":{"0":1,"1":1,"2":1,"3":1,"4":1,"5":1,"6":1,"7":1,"8":1,"9":0,"10":1,"11":1,"12":5,"13":4,"14":4,"15":1,"16":4,"17":4,"18":1,"19":1,"20":1},"f":{"0":5,"1":4,"2":4},"b":{"0":[1,0],"1":[0,1],"2":[5,5,4,4],"3":[4,0]},"_coverageSchema":"1a1c01bbd47fc00a2c39e90264f33305004495a9","hash":"edddffdea0ead04ca4e9ad56ad73c3ec5f16a789"}
,"/home/ninda/Desktop/Hacktiv8/P2/IP/IP-HCK75/server/models/product.js": {"path":"/home/ninda/Desktop/Hacktiv8/P2/IP/IP-HCK75/server/models/product.js","statementMap":{"0":{"start":{"line":4,"column":4},"end":{"line":4,"column":24}},"1":{"start":{"line":5,"column":0},"end":{"line":70,"column":2}},"2":{"start":{"line":13,"column":6},"end":{"line":13,"column":36}},"3":{"start":{"line":16,"column":2},"end":{"line":68,"column":5}},"4":{"start":{"line":69,"column":2},"end":{"line":69,"column":17}}},"fnMap":{"0":{"name":"(anonymous_0)","decl":{"start":{"line":5,"column":17},"end":{"line":5,"column":18}},"loc":{"start":{"line":5,"column":43},"end":{"line":70,"column":1}},"line":5},"1":{"name":"(anonymous_1)","decl":{"start":{"line":12,"column":4},"end":{"line":12,"column":5}},"loc":{"start":{"line":12,"column":29},"end":{"line":14,"column":5}},"line":12}},"branchMap":{},"s":{"0":1,"1":1,"2":1,"3":1,"4":1},"f":{"0":1,"1":1},"b":{},"_coverageSchema":"1a1c01bbd47fc00a2c39e90264f33305004495a9","hash":"7b7167f780886871fafdfbf49c7165cd6064e756"}
,"/home/ninda/Desktop/Hacktiv8/P2/IP/IP-HCK75/server/models/user.js": {"path":"/home/ninda/Desktop/Hacktiv8/P2/IP/IP-HCK75/server/models/user.js","statementMap":{"0":{"start":{"line":4,"column":4},"end":{"line":4,"column":24}},"1":{"start":{"line":5,"column":21},"end":{"line":5,"column":47}},"2":{"start":{"line":6,"column":0},"end":{"line":62,"column":2}},"3":{"start":{"line":14,"column":6},"end":{"line":14,"column":38}},"4":{"start":{"line":15,"column":6},"end":{"line":15,"column":33}},"5":{"start":{"line":18,"column":2},"end":{"line":60,"column":5}},"6":{"start":{"line":55,"column":8},"end":{"line":55,"column":62}},"7":{"start":{"line":61,"column":2},"end":{"line":61,"column":14}}},"fnMap":{"0":{"name":"(anonymous_0)","decl":{"start":{"line":6,"column":17},"end":{"line":6,"column":18}},"loc":{"start":{"line":6,"column":43},"end":{"line":62,"column":1}},"line":6},"1":{"name":"(anonymous_1)","decl":{"start":{"line":13,"column":4},"end":{"line":13,"column":5}},"loc":{"start":{"line":13,"column":29},"end":{"line":16,"column":5}},"line":13},"2":{"name":"(anonymous_2)","decl":{"start":{"line":54,"column":21},"end":{"line":54,"column":22}},"loc":{"start":{"line":54,"column":50},"end":{"line":56,"column":7}},"line":54}},"branchMap":{},"s":{"0":1,"1":1,"2":1,"3":1,"4":1,"5":1,"6":1,"7":1},"f":{"0":1,"1":1,"2":1},"b":{},"_coverageSchema":"1a1c01bbd47fc00a2c39e90264f33305004495a9","hash":"d13b520af4f8c96c72a0ff0eef7841ddcc41e5fc"}
,"/home/ninda/Desktop/Hacktiv8/P2/IP/IP-HCK75/server/models/userprofile.js": {"path":"/home/ninda/Desktop/Hacktiv8/P2/IP/IP-HCK75/server/models/userprofile.js","statementMap":{"0":{"start":{"line":4,"column":4},"end":{"line":4,"column":24}},"1":{"start":{"line":5,"column":0},"end":{"line":71,"column":2}},"2":{"start":{"line":13,"column":6},"end":{"line":13,"column":41}},"3":{"start":{"line":16,"column":2},"end":{"line":69,"column":5}},"4":{"start":{"line":70,"column":2},"end":{"line":70,"column":21}}},"fnMap":{"0":{"name":"(anonymous_0)","decl":{"start":{"line":5,"column":17},"end":{"line":5,"column":18}},"loc":{"start":{"line":5,"column":43},"end":{"line":71,"column":1}},"line":5},"1":{"name":"(anonymous_1)","decl":{"start":{"line":12,"column":4},"end":{"line":12,"column":5}},"loc":{"start":{"line":12,"column":29},"end":{"line":14,"column":5}},"line":12}},"branchMap":{},"s":{"0":1,"1":1,"2":1,"3":1,"4":1},"f":{"0":1,"1":1},"b":{},"_coverageSchema":"1a1c01bbd47fc00a2c39e90264f33305004495a9","hash":"172faccb294de88d60e620788f1e11be9312b74d"}
,"/home/ninda/Desktop/Hacktiv8/P2/IP/IP-HCK75/server/routers/index.js": {"path":"/home/ninda/Desktop/Hacktiv8/P2/IP/IP-HCK75/server/routers/index.js","statementMap":{"0":{"start":{"line":1,"column":16},"end":{"line":1,"column":34}},"1":{"start":{"line":2,"column":21},"end":{"line":2,"column":51}},"2":{"start":{"line":3,"column":23},"end":{"line":3,"column":62}},"3":{"start":{"line":4,"column":22},"end":{"line":4,"column":60}},"4":{"start":{"line":5,"column":23},"end":{"line":5,"column":63}},"5":{"start":{"line":6,"column":26},"end":{"line":6,"column":69}},"6":{"start":{"line":7,"column":24},"end":{"line":7,"column":65}},"7":{"start":{"line":8,"column":15},"end":{"line":8,"column":31}},"8":{"start":{"line":12,"column":0},"end":{"line":12,"column":49}},"9":{"start":{"line":13,"column":0},"end":{"line":13,"column":43}},"10":{"start":{"line":14,"column":0},"end":{"line":14,"column":55}},"11":{"start":{"line":16,"column":0},"end":{"line":16,"column":54}},"12":{"start":{"line":18,"column":0},"end":{"line":18,"column":26}},"13":{"start":{"line":21,"column":0},"end":{"line":21,"column":55}},"14":{"start":{"line":22,"column":0},"end":{"line":22,"column":55}},"15":{"start":{"line":24,"column":0},"end":{"line":24,"column":56}},"16":{"start":{"line":25,"column":0},"end":{"line":25,"column":61}},"17":{"start":{"line":27,"column":0},"end":{"line":27,"column":25}},"18":{"start":{"line":29,"column":0},"end":{"line":29,"column":57}},"19":{"start":{"line":30,"column":0},"end":{"line":30,"column":60}},"20":{"start":{"line":31,"column":0},"end":{"line":31,"column":63}},"21":{"start":{"line":33,"column":0},"end":{"line":33,"column":25}},"22":{"start":{"line":35,"column":0},"end":{"line":35,"column":23}}},"fnMap":{},"branchMap":{},"s":{"0":1,"1":1,"2":1,"3":1,"4":1,"5":1,"6":1,"7":1,"8":1,"9":1,"10":1,"11":1,"12":1,"13":1,"14":1,"15":1,"16":1,"17":1,"18":1,"19":1,"20":1,"21":1,"22":1},"f":{},"b":{},"_coverageSchema":"1a1c01bbd47fc00a2c39e90264f33305004495a9","hash":"345bd853acdad56c7b9083cd7d894b315fc11a79"}
}
